<?xml version="1.0" encoding="UTF-8"?>
<!-- Generated by org.testng.reporters.JUnitXMLReporter -->
<testsuite hostname="WCAR-6TBLP13" ignored="0" name="Command line test" tests="4" failures="0" timestamp="28 aug 2023 01:07:41 GMT" time="35.339" errors="0">
  <testcase name="test" time="0.011" classname="tests.BaseClass"/>
  <testcase name="searchAutomation" time="12.508" classname="tests.TestClass"/>
  <testcase name="searchName" time="8.819" classname="tests.TestClass"/>
  <testcase name="loginTestCase" time="13.603" classname="tests.TestClass"/>
</testsuite> <!-- Command line test -->
